<?xml version="1.0" encoding="UTF-8"?>
<!-- Generated by org.testng.reporters.JUnitReportReporter -->
<testsuite hostname="DESKTOP-H1HHDLN" failures="0" tests="1" name="frontEndTesting.RegistrationTest" time="4.224" errors="0" timestamp="2022-10-25T14:50:04 IST" skipped="0">
  <testcase classname="frontEndTesting.RegistrationTest" name="registerUser" time="4.224"/>
  <system-out/>
</testsuite> <!-- frontEndTesting.RegistrationTest -->
