<?xml version="1.0" encoding="UTF-8"?>
<!-- Generated by org.testng.reporters.JUnitReportReporter -->
<testsuite hostname="DESKTOP-H1HHDLN" failures="0" tests="1" name="frontEndTesting.LoginAdminTest" time="1.492" errors="0" timestamp="2022-10-25T17:29:18 IST" skipped="0">
  <testcase classname="frontEndTesting.LoginAdminTest" name="loginUser" time="1.492"/>
  <system-out/>
</testsuite> <!-- frontEndTesting.LoginAdminTest -->
