<?xml version="1.0" encoding="UTF-8"?>
<!-- Generated by org.testng.reporters.JUnitReportReporter -->
<testsuite hostname="DESKTOP-H1HHDLN" failures="0" tests="1" name="frontEndTesting.ViewSecondaryAccountTest" time="0.443" errors="0" timestamp="2022-10-25T17:18:57 IST" skipped="0">
  <testcase classname="frontEndTesting.ViewSecondaryAccountTest" name="requestChequeBook" time="0.443"/>
  <system-out/>
</testsuite> <!-- frontEndTesting.ViewSecondaryAccountTest -->
