<?xml version="1.0" encoding="UTF-8"?>
<!-- Generated by org.testng.reporters.JUnitReportReporter -->
<testsuite hostname="DESKTOP-H1HHDLN" failures="0" tests="1" name="frontEndTesting.AdminConfirmChequeBookreq" time="4.703" errors="0" timestamp="2022-10-26T17:30:47 IST" skipped="0">
  <testcase classname="frontEndTesting.AdminConfirmChequeBookreq" name="loginUser" time="4.703"/>
  <system-out/>
</testsuite> <!-- frontEndTesting.AdminConfirmChequeBookreq -->
