<?xml version="1.0" encoding="UTF-8"?>
<!-- Generated by org.testng.reporters.JUnitReportReporter -->
<testsuite hostname="DESKTOP-H1HHDLN" failures="0" tests="2" name="frontEndTesting.DepositFundTest" time="3.643" errors="0" timestamp="2022-10-25T15:09:22 IST" skipped="0">
  <testcase classname="frontEndTesting.DepositFundTest" name="depositFundInPrimaryAccount" time="2.152"/>
  <system-out/>
  <testcase classname="frontEndTesting.DepositFundTest" name="depositFundInSavingAccount" time="1.491"/>
  <system-out/>
</testsuite> <!-- frontEndTesting.DepositFundTest -->
