<?xml version="1.0" encoding="UTF-8"?>
<!-- Generated by org.testng.reporters.JUnitReportReporter -->
<testsuite hostname="DESKTOP-H1HHDLN" failures="0" tests="1" name="frontEndTesting.UpdateUser" time="22.415" errors="0" timestamp="2022-10-27T22:15:35 IST" skipped="0">
  <testcase classname="frontEndTesting.UpdateUser" name="loginUser" time="22.415"/>
  <system-out/>
</testsuite> <!-- frontEndTesting.UpdateUser -->
