<?xml version="1.0" encoding="UTF-8"?>
<!-- Generated by org.testng.reporters.JUnitReportReporter -->
<testsuite hostname="DESKTOP-H1HHDLN" failures="0" tests="1" name="frontEndTesting.AdminSavingTransactionView" time="4.759" errors="0" timestamp="2022-10-26T15:00:21 IST" skipped="0">
  <testcase classname="frontEndTesting.AdminSavingTransactionView" name="loginUser" time="4.759"/>
  <system-out/>
</testsuite> <!-- frontEndTesting.AdminSavingTransactionView -->
