<?xml version="1.0" encoding="UTF-8"?>
<!-- Generated by org.testng.reporters.JUnitReportReporter -->
<testsuite hostname="DESKTOP-H1HHDLN" failures="0" tests="1" name="frontEndTesting.AdminLoanConfirm" time="5.025" errors="0" timestamp="2022-10-26T17:25:19 IST" skipped="0">
  <testcase classname="frontEndTesting.AdminLoanConfirm" name="loginUser" time="5.025"/>
  <system-out/>
</testsuite> <!-- frontEndTesting.AdminLoanConfirm -->
