<?xml version="1.0" encoding="UTF-8"?>
<!-- Generated by org.testng.reporters.JUnitReportReporter -->
<testsuite hostname="DESKTOP-H1HHDLN" failures="0" tests="1" name="frontEndTesting.AdminCheckChequeBookReq" time="2.338" errors="0" timestamp="2022-10-26T17:49:04 IST" skipped="0">
  <testcase classname="frontEndTesting.AdminCheckChequeBookReq" name="loginUser" time="2.338"/>
  <system-out/>
</testsuite> <!-- frontEndTesting.AdminCheckChequeBookReq -->
