<?xml version="1.0" encoding="UTF-8"?>
<!-- Generated by org.testng.reporters.JUnitReportReporter -->
<testsuite hostname="DESKTOP-H1HHDLN" failures="0" tests="1" name="frontEndTesting.AdminUserDelete" time="5.045" errors="0" timestamp="2022-10-26T15:08:58 IST" skipped="0">
  <testcase classname="frontEndTesting.AdminUserDelete" name="loginUser" time="5.045"/>
  <system-out/>
</testsuite> <!-- frontEndTesting.AdminUserDelete -->
