<?xml version="1.0" encoding="UTF-8"?>
<!-- Generated by org.testng.reporters.JUnitReportReporter -->
<testsuite hostname="DESKTOP-H1HHDLN" failures="0" tests="1" name="frontEndTesting.AdminPrimaryTrancasctionView" time="4.542" errors="0" timestamp="2022-10-26T14:51:54 IST" skipped="0">
  <testcase classname="frontEndTesting.AdminPrimaryTrancasctionView" name="loginUser" time="4.542"/>
  <system-out/>
</testsuite> <!-- frontEndTesting.AdminPrimaryTrancasctionView -->
