<?xml version="1.0" encoding="UTF-8"?>
<!-- Generated by org.testng.reporters.JUnitReportReporter -->
<testsuite hostname="DESKTOP-H1HHDLN" failures="0" tests="1" name="frontEndTesting.ViewPrimaryAccountTest" time="2.532" errors="0" timestamp="2022-10-25T17:18:40 IST" skipped="0">
  <testcase classname="frontEndTesting.ViewPrimaryAccountTest" name="requestChequeBook" time="2.532"/>
  <system-out/>
</testsuite> <!-- frontEndTesting.ViewPrimaryAccountTest -->
