<?xml version="1.0" encoding="UTF-8"?>
<!-- Generated by org.testng.reporters.JUnitReportReporter -->
<testsuite hostname="DESKTOP-H1HHDLN" failures="0" tests="1" name="frontEndTesting.AdminLoanReqCheck" time="2.371" errors="0" timestamp="2022-10-25T17:48:59 IST" skipped="0">
  <testcase classname="frontEndTesting.AdminLoanReqCheck" name="loginUser" time="2.371"/>
  <system-out/>
</testsuite> <!-- frontEndTesting.AdminLoanReqCheck -->
