<?xml version="1.0" encoding="UTF-8"?>
<!-- Generated by org.testng.reporters.JUnitReportReporter -->
<testsuite hostname="DESKTOP-H1HHDLN" failures="0" tests="1" name="frontEndTesting.AdminViewUserAccounts" time="2.541" errors="0" timestamp="2022-10-25T17:44:35 IST" skipped="0">
  <testcase classname="frontEndTesting.AdminViewUserAccounts" name="loginUser" time="2.541"/>
  <system-out/>
</testsuite> <!-- frontEndTesting.AdminViewUserAccounts -->
