<?xml version="1.0" encoding="UTF-8"?>
<!-- Generated by org.testng.reporters.JUnitReportReporter -->
<testsuite hostname="DESKTOP-H1HHDLN" failures="0" tests="1" name="frontEndTesting.LoginTest" time="1.371" errors="0" timestamp="2022-10-27T20:48:10 IST" skipped="0">
  <testcase classname="frontEndTesting.LoginTest" name="loginUser" time="1.371"/>
  <system-out/>
</testsuite> <!-- frontEndTesting.LoginTest -->
